<?xml version="1.0" encoding="UTF-8" ?>
<testsuite tests="16" failures="0" name="runners.TestRunner" time="0.518" errors="0" skipped="0">
  <properties>
[...]
</properties>
  <testcase classname="Scenario: Validate Home Page Contents" name="Given I navigate to the PwC Digital Pulse website" time="0.002"/>
  <testcase classname="Scenario: Validate Home Page Contents" name="When I am viewing the ‘Home’ page" time="0"/>
  <testcase classname="Scenario: Validate Home Page Contents" name="Then I am presented with a carousel displaying 3 featured articles" time="0"/>
  <testcase classname="Scenario: Validate Home Page Contents" name="And Clicking the ‘Next’ button on the carousel will load the next 3 featured articles" time="0"/>
  <testcase classname="Scenario: Validate Home Page Contents" name="And Clicking the ‘Previous’ button on the carousel will load the previous 3 featured articles" time="0"/>
  <testcase classname="Scenario: Validate Home Page Contents" name="Scenario: Validate Home Page Contents" time="0.196"/>
  <testcase classname="Scenario: Validate Contact Us hamburger menu" name="Given I navigate to the PwC Digital Pulse website" time="0"/>
  <testcase classname="Scenario: Validate Contact Us hamburger menu" name="When I select ‘Contact us’ from the hamburger menu Then I am taken to the ‘Contact us’ page" time="0"/>
  <testcase classname="Scenario: Validate Contact Us hamburger menu" name="And I am presented with the below options for contacts" time="0"/>
  <testcase classname="Scenario: Validate Contact Us hamburger menu" name="Scenario: Validate Contact Us hamburger menu" time="0.162"/>
  <testcase classname="Scenario: Validate Search Page" name="Given I navigate to the PwC Digital Pulse website" time="0"/>
  <testcase classname="Scenario: Validate Search Page" name="When I click on the ‘Magnifying glass’ icon to perform a search And I enter the text &quot;Single page applications&quot;" time="0"/>
  <testcase classname="Scenario: Validate Search Page" name="And I submit the search" time="0"/>
  <testcase classname="Scenario: Validate Search Page" name="Then I am taken to the search results page" time="0"/>
  <testcase classname="Scenario: Validate Search Page" name="And I am presented with at least 1 search result" time="0"/>
  <testcase classname="Scenario: Validate Search Page" name="Scenario: Validate Search Page" time="0.158"/>
</testsuite>